<?xml version="1.0" encoding="UTF-8"?>
<!-- Generated by org.testng.reporters.JUnitReportReporter -->
<testsuite hostname="DESKTOP-GSHAI78" failures="0" tests="1" name="com.herokuapp.Upload" time="3.608" errors="0" timestamp="2023-07-12T13:53:00 EEST" skipped="0">
  <testcase classname="com.herokuapp.Upload" name="upload" time="3.608"/>
</testsuite> <!-- com.herokuapp.Upload -->
