<?xml version="1.0" encoding="UTF-8"?>
<!-- Generated by org.testng.reporters.JUnitReportReporter -->
<testsuite hostname="DESKTOP-GSHAI78" failures="0" tests="1" name="com.herokuapp.Imput" time="3.163" errors="0" timestamp="2023-07-12T13:53:00 EEST" skipped="0">
  <testcase classname="com.herokuapp.Imput" name="imputTest" time="3.163"/>
</testsuite> <!-- com.herokuapp.Imput -->
