<?xml version="1.0" encoding="UTF-8"?>
<!-- Generated by org.testng.reporters.JUnitReportReporter -->
<testsuite hostname="DESKTOP-GSHAI78" failures="0" tests="2" name="com.herokuapp.Checkboxes" time="10.369" errors="0" timestamp="2023-07-12T13:53:00 EEST" skipped="0">
  <testcase classname="com.herokuapp.Checkboxes" name="uncheckCheckboxesTest" time="4.862"/>
  <testcase classname="com.herokuapp.Checkboxes" name="Checkboxes" time="5.507"/>
</testsuite> <!-- com.herokuapp.Checkboxes -->
